Build started 18/09/2017 3:03:55 PM.
     1>Project "C:\Users\32233104\Desktop\Assignment 1\VS Project\Fractal\houses.vcxproj" on node 2 (Build target(s)).
     1>ClCompile:
         C:\Program Files (x86)\Microsoft Visual Studio 12.0\VC\bin\CL.exe /c /Zi /nologo /W3 /WX- /O2 /Oy- /D WIN32 /D NDEBUG /D _CONSOLE /D _VC80_UPGRADE=0x0600 /D _MBCS /GF /Gm- /EHsc /MD /GS /Gy /fp:precise /Zc:wchar_t /Zc:forScope /Fo".\Release\\" /Fd".\Release\vc120.pdb" /Gd /TP /analyze- /errorReport:prompt PsyExerciseBuilding.cpp
         PsyExerciseBuilding.cpp
       Link:
         C:\Program Files (x86)\Microsoft Visual Studio 12.0\VC\bin\link.exe /ERRORREPORT:PROMPT /OUT:".\Release\houses.exe" /INCREMENTAL:NO /NOLOGO odbc32.lib odbccp32.lib kernel32.lib user32.lib gdi32.lib winspool.lib comdlg32.lib advapi32.lib shell32.lib ole32.lib oleaut32.lib uuid.lib odbc32.lib odbccp32.lib /MANIFEST /MANIFESTUAC:"level='asInvoker' uiAccess='false'" /manifest:embed /PDB:".\Release\houses.pdb" /SUBSYSTEM:CONSOLE /TLBID:1 /DYNAMICBASE /NXCOMPAT /IMPLIB:".\Release\houses.lib" /MACHINE:X86 /SAFESEH .\Release\AABB.obj
         .\Release\AABBLinkedList.obj
         .\Release\AABBNode.obj
         .\Release\building.obj
         .\Release\camera.obj
         .\Release\cameraMap.obj
         .\Release\city.obj
         .\Release\collision.obj
         .\Release\EasySound.obj
         .\Release\fileLoader.obj
         .\Release\Fractal.obj
         .\Release\fractalGenerator.obj
         .\Release\main.obj
         .\Release\mtlLoader.obj
         .\Release\objLoader.obj
         .\Release\objModel.obj
         .\Release\PlainLinkedList.obj
         .\Release\PlainNode.obj
         .\Release\PsyExerciseBuilding.obj
         .\Release\Sound.obj
         .\Release\SoundTime.obj
         .\Release\texturedPolygons.obj
         .\Release\world.obj
         houses.vcxproj -> C:\Users\32233104\Desktop\Assignment 1\VS Project\Fractal\.\Release\houses.exe
     1>Done Building Project "C:\Users\32233104\Desktop\Assignment 1\VS Project\Fractal\houses.vcxproj" (Build target(s)).

Build succeeded.

Time Elapsed 00:00:00.72
