Build started 18/09/2017 1:05:37 PM.
     1>Project "C:\Users\32233104\Desktop\Assignment 1\VS Project\Fractal\houses.vcxproj" on node 2 (Build target(s)).
     1>ClCompile:
         C:\Program Files (x86)\Microsoft Visual Studio 12.0\VC\bin\CL.exe /c /Zi /nologo /W3 /WX- /Od /Oy- /D WIN32 /D _DEBUG /D _CONSOLE /D _CRT_SECURE_NO_WARNINGS /D _VC80_UPGRADE=0x0600 /D _MBCS /Gm /EHsc /RTC1 /MDd /GS /Gy- /fp:precise /Zc:wchar_t /Zc:forScope /Fo".\Debug\\" /Fd".\Debug\vc120.pdb" /FR".\Debug\\" /Gd /TP /analyze- /errorReport:prompt AABB.CPP AABBLinkedList.cpp AABBNode.cpp building.cpp camera.cpp cameraMap.cpp city.cpp collision.cpp EasySound.cpp fileLoader.cpp Fractal.cpp fractalGenerator.cpp main.cpp mtlLoader.cpp objLoader.cpp objModel.cpp PlainLinkedList.cpp PlainNode.cpp PsyExerciseBuilding.cpp Sound.cpp SoundTime.cpp texturedPolygons.cpp world.cpp
         world.cpp
     1>world.cpp(18): warning C4305: '=' : truncation from 'double' to 'float'
     1>world.cpp(19): warning C4305: '=' : truncation from 'double' to 'float'
     1>world.cpp(20): warning C4305: '=' : truncation from 'double' to 'float'
     1>world.cpp(22): warning C4305: '=' : truncation from 'double' to 'float'
     1>world.cpp(26): warning C4305: '=' : truncation from 'double' to 'float'
     1>world.cpp(31): warning C4305: '=' : truncation from 'double' to 'float'
     1>world.cpp(32): warning C4305: '=' : truncation from 'double' to 'float'
     1>world.cpp(33): warning C4305: '=' : truncation from 'double' to 'float'
     1>world.cpp(37): warning C4305: '=' : truncation from 'double' to 'float'
     1>world.cpp(39): warning C4305: '=' : truncation from 'double' to 'float'
     1>world.cpp(40): warning C4305: '=' : truncation from 'double' to 'float'
     1>world.cpp(41): warning C4305: '=' : truncation from 'double' to 'float'
     1>world.cpp(45): warning C4305: '=' : truncation from 'double' to 'float'
     1>world.cpp(49): warning C4305: '=' : truncation from 'double' to 'float'
     1>world.cpp(50): warning C4305: '=' : truncation from 'double' to 'float'
     1>world.cpp(52): warning C4305: '=' : truncation from 'double' to 'float'
     1>world.cpp(53): warning C4305: '=' : truncation from 'double' to 'float'
     1>world.cpp(57): warning C4305: '=' : truncation from 'double' to 'float'
     1>world.cpp(58): warning C4305: '=' : truncation from 'double' to 'float'
     1>world.cpp(59): warning C4305: '=' : truncation from 'double' to 'float'
     1>world.cpp(172): warning C4244: '=' : conversion from 'int' to 'float', possible loss of data
     1>world.cpp(174): warning C4244: '=' : conversion from 'int' to 'float', possible loss of data
     1>world.cpp(182): warning C4244: 'initializing' : conversion from 'double' to 'int', possible loss of data
     1>world.cpp(206): warning C4244: 'argument' : conversion from 'double' to 'int', possible loss of data
         texturedPolygons.cpp
         SoundTime.cpp
         Sound.cpp
         PsyExerciseBuilding.cpp
         PlainNode.cpp
         PlainLinkedList.cpp
         objModel.cpp
         objLoader.cpp
         mtlLoader.cpp
     1>mtlLoader.cpp(58): warning C4244: '=' : conversion from 'double' to 'float', possible loss of data
     1>mtlLoader.cpp(63): warning C4244: '=' : conversion from 'double' to 'float', possible loss of data
     1>mtlLoader.cpp(68): warning C4244: '=' : conversion from 'double' to 'int', possible loss of data
         main.cpp
         fractalGenerator.cpp
     1>fractalGenerator.cpp(15): warning C4018: '<' : signed/unsigned mismatch
     1>fractalGenerator.cpp(16): warning C4018: '<' : signed/unsigned mismatch
     1>fractalGenerator.cpp(17): warning C4244: '=' : conversion from 'unsigned int' to 'float', possible loss of data
     1>fractalGenerator.cpp(19): warning C4244: '=' : conversion from 'unsigned int' to 'float', possible loss of data
     1>fractalGenerator.cpp(26): warning C4244: 'initializing' : conversion from 'double' to 'int', possible loss of data
     1>fractalGenerator.cpp(45): warning C4244: '=' : conversion from 'double' to 'int', possible loss of data
     1>fractalGenerator.cpp(110): warning C4244: '+=' : conversion from 'double' to 'int', possible loss of data
     1>fractalGenerator.cpp(111): warning C4244: '-=' : conversion from 'double' to 'int', possible loss of data
     1>fractalGenerator.cpp(126): warning C4244: 'initializing' : conversion from 'int' to 'float', possible loss of data
     1>fractalGenerator.cpp(133): warning C4244: 'argument' : conversion from 'double' to 'int', possible loss of data
         Fractal.cpp
         fileLoader.cpp
     1>fileLoader.cpp(11): warning C4244: '=' : conversion from 'double' to 'float', possible loss of data
     1>fileLoader.cpp(14): warning C4244: '=' : conversion from 'double' to 'float', possible loss of data
     1>fileLoader.cpp(17): warning C4244: '=' : conversion from 'double' to 'float', possible loss of data
     1>fileLoader.cpp(23): warning C4244: '=' : conversion from 'double' to 'float', possible loss of data
     1>fileLoader.cpp(26): warning C4244: '=' : conversion from 'double' to 'float', possible loss of data
         EasySound.cpp
         collision.cpp
         city.cpp
     1>city.cpp(540): warning C4101: 'temp' : unreferenced local variable
         cameraMap.cpp
         camera.cpp
         building.cpp
     1>building.cpp(15): warning C4244: 'argument' : conversion from 'const int' to 'float', possible loss of data
     1>building.cpp(15): warning C4244: 'argument' : conversion from 'int' to 'float', possible loss of data
     1>building.cpp(19): warning C4018: '<' : signed/unsigned mismatch
     1>building.cpp(20): warning C4244: 'argument' : conversion from 'int' to 'float', possible loss of data
     1>building.cpp(20): warning C4244: 'argument' : conversion from 'unsigned int' to 'float', possible loss of data
     1>building.cpp(20): warning C4244: 'argument' : conversion from 'double' to 'float', possible loss of data
     1>building.cpp(22): warning C4244: 'initializing' : conversion from 'double' to 'unsigned int', possible loss of data
     1>building.cpp(22): warning C4018: '<=' : signed/unsigned mismatch
     1>building.cpp(22): warning C4244: '=' : conversion from 'double' to 'unsigned int', possible loss of data
     1>building.cpp(23): warning C4244: 'argument' : conversion from 'int' to 'float', possible loss of data
     1>building.cpp(23): warning C4244: 'argument' : conversion from 'unsigned int' to 'float', possible loss of data
     1>building.cpp(23): warning C4244: 'argument' : conversion from 'double' to 'float', possible loss of data
     1>building.cpp(25): warning C4244: 'initializing' : conversion from 'double' to 'unsigned int', possible loss of data
     1>building.cpp(25): warning C4018: '<=' : signed/unsigned mismatch
     1>building.cpp(25): warning C4244: '=' : conversion from 'double' to 'unsigned int', possible loss of data
     1>building.cpp(26): warning C4244: 'argument' : conversion from 'int' to 'float', possible loss of data
     1>building.cpp(26): warning C4244: 'argument' : conversion from 'unsigned int' to 'float', possible loss of data
     1>building.cpp(26): warning C4244: 'argument' : conversion from 'double' to 'float', possible loss of data
     1>building.cpp(28): warning C4244: 'argument' : conversion from 'int' to 'float', possible loss of data
     1>building.cpp(29): warning C4244: 'argument' : conversion from 'int' to 'float', possible loss of data
     1>building.cpp(30): warning C4244: 'argument' : conversion from 'int' to 'float', possible loss of data
     1>building.cpp(30): warning C4244: 'argument' : conversion from 'double' to 'float', possible loss of data
     1>building.cpp(35): warning C4244: '=' : conversion from 'int' to 'float', possible loss of data
     1>building.cpp(36): warning C4244: '=' : conversion from 'int' to 'float', possible loss of data
     1>building.cpp(37): warning C4244: '=' : conversion from 'int' to 'float', possible loss of data
     1>building.cpp(38): warning C4244: '=' : conversion from 'int' to 'float', possible loss of data
     1>building.cpp(39): warning C4244: 'argument' : conversion from 'int' to 'float', possible loss of data
     1>building.cpp(40): warning C4244: 'argument' : conversion from 'int' to 'float', possible loss of data
     1>building.cpp(41): warning C4244: 'argument' : conversion from 'int' to 'float', possible loss of data
     1>building.cpp(42): warning C4244: 'argument' : conversion from 'int' to 'float', possible loss of data
     1>building.cpp(43): warning C4244: 'argument' : conversion from 'int' to 'float', possible loss of data
     1>building.cpp(44): warning C4018: '<' : signed/unsigned mismatch
     1>building.cpp(45): warning C4244: 'argument' : conversion from 'unsigned int' to 'float', possible loss of data
     1>building.cpp(47): warning C4244: 'argument' : conversion from 'int' to 'float', possible loss of data
     1>building.cpp(49): warning C4244: '=' : conversion from 'int' to 'float', possible loss of data
     1>building.cpp(50): warning C4244: '=' : conversion from 'int' to 'float', possible loss of data
     1>building.cpp(51): warning C4244: '=' : conversion from 'int' to 'float', possible loss of data
     1>building.cpp(52): warning C4244: '=' : conversion from 'int' to 'float', possible loss of data
     1>building.cpp(53): warning C4244: 'argument' : conversion from 'int' to 'float', possible loss of data
     1>building.cpp(54): warning C4018: '<' : signed/unsigned mismatch
     1>building.cpp(55): warning C4244: 'argument' : conversion from 'int' to 'float', possible loss of data
     1>building.cpp(55): warning C4244: 'argument' : conversion from 'unsigned int' to 'float', possible loss of data
     1>building.cpp(57): warning C4244: 'argument' : conversion from 'int' to 'float', possible loss of data
     1>building.cpp(59): warning C4244: '=' : conversion from 'int' to 'float', possible loss of data
     1>building.cpp(60): warning C4244: '=' : conversion from 'int' to 'float', possible loss of data
     1>building.cpp(61): warning C4244: '=' : conversion from 'int' to 'float', possible loss of data
     1>building.cpp(62): warning C4244: '=' : conversion from 'int' to 'float', possible loss of data
     1>building.cpp(63): warning C4244: 'argument' : conversion from 'int' to 'float', possible loss of data
     1>building.cpp(64): warning C4244: 'argument' : conversion from 'int' to 'float', possible loss of data
     1>building.cpp(66): warning C4244: 'argument' : conversion from 'int' to 'float', possible loss of data
     1>building.cpp(67): warning C4244: 'argument' : conversion from 'int' to 'float', possible loss of data
     1>building.cpp(77): warning C4244: '=' : conversion from 'double' to 'float', possible loss of data
     1>building.cpp(82): warning C4244: '=' : conversion from 'double' to 'float', possible loss of data
     1>building.cpp(90): warning C4244: '=' : conversion from 'double' to 'float', possible loss of data
     1>building.cpp(99): warning C4244: '=' : conversion from 'double' to 'float', possible loss of data
     1>building.cpp(105): warning C4244: 'initializing' : conversion from 'int' to 'float', possible loss of data
     1>building.cpp(107): warning C4244: 'return' : conversion from 'float' to 'int', possible loss of data
         Generating Code...
         Compiling...
         AABBNode.cpp
         AABBLinkedList.cpp
         AABB.CPP
         Generating Code...
       Link:
         C:\Program Files (x86)\Microsoft Visual Studio 12.0\VC\bin\link.exe /ERRORREPORT:PROMPT /OUT:".\Debug\houses.exe" /INCREMENTAL /NOLOGO odbc32.lib odbccp32.lib kernel32.lib user32.lib gdi32.lib winspool.lib comdlg32.lib advapi32.lib shell32.lib ole32.lib oleaut32.lib uuid.lib odbc32.lib odbccp32.lib /MANIFEST /MANIFESTUAC:"level='asInvoker' uiAccess='false'" /manifest:embed /DEBUG /PDB:".\Debug\houses.pdb" /SUBSYSTEM:CONSOLE /TLBID:1 /DYNAMICBASE /NXCOMPAT /IMPLIB:".\Debug\houses.lib" /MACHINE:X86 /SAFESEH .\Debug\AABB.obj
         .\Debug\AABBLinkedList.obj
         .\Debug\AABBNode.obj
         .\Debug\building.obj
         .\Debug\camera.obj
         .\Debug\cameraMap.obj
         .\Debug\city.obj
         .\Debug\collision.obj
         .\Debug\EasySound.obj
         .\Debug\fileLoader.obj
         .\Debug\Fractal.obj
         .\Debug\fractalGenerator.obj
         .\Debug\main.obj
         .\Debug\mtlLoader.obj
         .\Debug\objLoader.obj
         .\Debug\objModel.obj
         .\Debug\PlainLinkedList.obj
         .\Debug\PlainNode.obj
         .\Debug\PsyExerciseBuilding.obj
         .\Debug\Sound.obj
         .\Debug\SoundTime.obj
         .\Debug\texturedPolygons.obj
         .\Debug\world.obj
     1>MSVCRTD.lib(cinitexe.obj) : warning LNK4098: defaultlib 'msvcrt.lib' conflicts with use of other libs; use /NODEFAULTLIB:library
         houses.vcxproj -> C:\Users\32233104\Desktop\Assignment 1\VS Project\Fractal\.\Debug\houses.exe
       BscMake:
         C:\Program Files (x86)\Microsoft Visual Studio 12.0\VC\bin\bscmake.exe /nologo /o".\Debug\houses.bsc" .\Debug\AABB.sbr .\Debug\AABBLinkedList.sbr .\Debug\AABBNode.sbr .\Debug\building.sbr .\Debug\camera.sbr .\Debug\cameraMap.sbr .\Debug\city.sbr .\Debug\collision.sbr .\Debug\EasySound.sbr .\Debug\fileLoader.sbr .\Debug\Fractal.sbr .\Debug\fractalGenerator.sbr .\Debug\main.sbr .\Debug\mtlLoader.sbr .\Debug\objLoader.sbr .\Debug\objModel.sbr .\Debug\PlainLinkedList.sbr .\Debug\PlainNode.sbr .\Debug\PsyExerciseBuilding.sbr .\Debug\Sound.sbr .\Debug\SoundTime.sbr .\Debug\texturedPolygons.sbr .\Debug\world.sbr
     1>Done Building Project "C:\Users\32233104\Desktop\Assignment 1\VS Project\Fractal\houses.vcxproj" (Build target(s)).

Build succeeded.

Time Elapsed 00:00:12.05
